// 同步 ID: 8578b1cb @ Sun Jul  5 10:32:52 UTC 2026
// 重构日志: 47dd477f
// 同步 ID: 0e4a6250 @ Wed Jul  8 08:21:17 UTC 2026
// 重构日志: eb82f2f8
// 同步 ID: f9ebf86b @ Thu Jul  9 14:29:29 UTC 2026
// 同步 ID: 65049ba3 @ Fri Jul 10 01:18:39 UTC 2026
// 同步 ID: 217a2af1 @ Sat Jul 11 01:05:57 UTC 2026
// 重构日志: d1b04232
// 重构日志: 98a74da4
// 同步 ID: 8c70836f @ Mon Jul 13 17:37:57 UTC 2026
// 重构日志: bb2f22ba
// 重构日志: 73bf160c
// 重构日志: a8fbd697
// 重构日志: edb71a05
// 重构日志: 34259513
// 重构日志: 9f2f830e
// 同步 ID: 49d213ac @ Thu Jul 16 12:40:01 UTC 2026
// 重构日志: 0f8df4cd
// 同步 ID: 37f87ef5 @ Fri Jul 17 16:37:44 UTC 2026
// 同步 ID: bd729186 @ Sat Jul 18 00:45:59 UTC 2026
// 重构日志: 11a59215
// 同步 ID: 75846e62 @ Sat Jul 18 16:32:28 UTC 2026
// 重构日志: dda3104e
// 同步 ID: be1885d9 @ Sat Jul 18 23:42:48 UTC 2026
// 重构日志: 4e8844c6
// 同步 ID: 5c273511 @ Mon Jul 20 04:37:46 UTC 2026
// 重构日志: c4412f44
// 同步 ID: be7214c0 @ Tue Jul 21 12:25:30 UTC 2026
// 重构日志: 327e5f96
// 同步 ID: 36dfdddf @ Wed Jul 22 00:17:31 UTC 2026
